<?xml version="1.0" encoding="utf-8"?>
<ScrollView
    xmlns:android="http://schemas.android.com/apk/res/android"
    android:orientation="vertical" android:layout_width="match_parent"
    android:layout_height="match_parent">
<LinearLayout
    android:id="@+id/back_result"
    xmlns:android="http://schemas.android.com/apk/res/android"
    android:orientation="vertical" android:layout_width="match_parent"
    android:layout_height="wrap_content">
    <TextView
        android:layout_width="match_parent"
        android:layout_height="wrap_content"
        android:gravity="center"
        android:layout_marginTop="25dp"
        android:textSize="60sp"
        android:id="@+id/tv1_result"
        android:textColor="#a9df90"
        android:text="Good"/>
    <TextView
        android:layout_width="match_parent"
        android:id="@+id/tv2_result"
        android:layout_marginTop="25dp"
        android:textSize="25sp"
        android:text="fvfvffvfvfvffvfv"
        android:padding="5dp"
        android:textColor="#000"
        android:layout_height="match_parent" />
</LinearLayout>
</ScrollView>